2018-06-20 14:19:18.409  INFO 7040 --- [main] c.a.web.aitpfront.AitpfrontApplication   : Starting AitpfrontApplication on CDC311182 with PID 7040 (D:\A5\Workspace\dlife\aitpfront\target\classes started by l.mao in D:\A5\Workspace\dlife\aitpfront)
2018-06-20 14:19:18.420  INFO 7040 --- [main] c.a.web.aitpfront.AitpfrontApplication   : No active profile set, falling back to default profiles: default
2018-06-20 14:19:18.513  INFO 7040 --- [main] ConfigServletWebServerApplicationContext : Refreshing org.springframework.boot.web.servlet.context.AnnotationConfigServletWebServerApplicationContext@49c386c8: startup date [Wed Jun 20 14:19:18 CST 2018]; root of context hierarchy
2018-06-20 14:19:20.010  INFO 7040 --- [main] o.s.b.w.embedded.tomcat.TomcatWebServer  : Tomcat initialized with port(s): 8080 (http)
2018-06-20 14:19:20.034  INFO 7040 --- [main] o.apache.catalina.core.StandardService   : Starting service [Tomcat]
2018-06-20 14:19:20.034  INFO 7040 --- [main] org.apache.catalina.core.StandardEngine  : Starting Servlet Engine: Apache Tomcat/8.5.31
2018-06-20 14:19:20.039  INFO 7040 --- [localhost-startStop-1] o.a.catalina.core.AprLifecycleListener   : The APR based Apache Tomcat Native library which allows optimal performance in production environments was not found on the java.library.path: [C:\Program Files\Java\jdk1.8.0_171\bin;C:\windows\Sun\Java\bin;C:\windows\system32;C:\windows;C:\Program Files (x86)\Common Files\Oracle\Java\javapath;C:\ProgramData\Oracle\Java\javapath;C:\windows\system32;C:\windows;C:\windows\System32\Wbem;C:\windows\System32\WindowsPowerShell\v1.0\;C:\Program Files\TortoiseGit\bin;C:\Program Files\nodejs\;C:\Program Files (x86)\Yarn\bin\;C:\Users\l.mao\AppData\Local\Microsoft\WindowsApps;C:\Users\l.mao\AppData\Local\Programs\Git\cmd;C:\Users\l.mao\AppData\Roaming\npm;C:\Users\l.mao\AppData\Local\Yarn\bin;D:\MyOffice\Tools\apache-maven-3.5.3\bin;;.]
2018-06-20 14:19:20.158  INFO 7040 --- [localhost-startStop-1] o.a.c.c.C.[Tomcat].[localhost].[/]       : Initializing Spring embedded WebApplicationContext
2018-06-20 14:19:20.158  INFO 7040 --- [localhost-startStop-1] o.s.web.context.ContextLoader            : Root WebApplicationContext: initialization completed in 1645 ms
2018-06-20 14:19:20.334  INFO 7040 --- [localhost-startStop-1] o.s.b.w.servlet.ServletRegistrationBean  : Servlet dispatcherServlet mapped to [/]
2018-06-20 14:19:20.338  INFO 7040 --- [localhost-startStop-1] o.s.b.w.servlet.FilterRegistrationBean   : Mapping filter: 'characterEncodingFilter' to: [/*]
2018-06-20 14:19:20.338  INFO 7040 --- [localhost-startStop-1] o.s.b.w.servlet.FilterRegistrationBean   : Mapping filter: 'hiddenHttpMethodFilter' to: [/*]
2018-06-20 14:19:20.339  INFO 7040 --- [localhost-startStop-1] o.s.b.w.servlet.FilterRegistrationBean   : Mapping filter: 'httpPutFormContentFilter' to: [/*]
2018-06-20 14:19:20.339  INFO 7040 --- [localhost-startStop-1] o.s.b.w.servlet.FilterRegistrationBean   : Mapping filter: 'requestContextFilter' to: [/*]
2018-06-20 14:19:20.444  INFO 7040 --- [main] o.s.w.s.handler.SimpleUrlHandlerMapping  : Mapped URL path [/**/favicon.ico] onto handler of type [class org.springframework.web.servlet.resource.ResourceHttpRequestHandler]
2018-06-20 14:19:20.642  INFO 7040 --- [main] s.w.s.m.m.a.RequestMappingHandlerAdapter : Looking for @ControllerAdvice: org.springframework.boot.web.servlet.context.AnnotationConfigServletWebServerApplicationContext@49c386c8: startup date [Wed Jun 20 14:19:18 CST 2018]; root of context hierarchy
2018-06-20 14:19:20.703  INFO 7040 --- [main] s.w.s.m.m.a.RequestMappingHandlerMapping : Mapped "{[/login.html]}" onto public java.lang.String com.aitp.web.aitpfront.WeChatUser.toLogin()
2018-06-20 14:19:20.705  INFO 7040 --- [main] s.w.s.m.m.a.RequestMappingHandlerMapping : Mapped "{[/accept_code.html]}" onto public java.lang.String com.aitp.web.aitpfront.WeChatUser.toAccept(java.lang.String,java.lang.String)
2018-06-20 14:19:20.711  INFO 7040 --- [main] s.w.s.m.m.a.RequestMappingHandlerMapping : Mapped "{[/error]}" onto public org.springframework.http.ResponseEntity<java.util.Map<java.lang.String, java.lang.Object>> org.springframework.boot.autoconfigure.web.servlet.error.BasicErrorController.error(javax.servlet.http.HttpServletRequest)
2018-06-20 14:19:20.712  INFO 7040 --- [main] s.w.s.m.m.a.RequestMappingHandlerMapping : Mapped "{[/error],produces=[text/html]}" onto public org.springframework.web.servlet.ModelAndView org.springframework.boot.autoconfigure.web.servlet.error.BasicErrorController.errorHtml(javax.servlet.http.HttpServletRequest,javax.servlet.http.HttpServletResponse)
2018-06-20 14:19:20.739  INFO 7040 --- [main] o.s.w.s.handler.SimpleUrlHandlerMapping  : Mapped URL path [/webjars/**] onto handler of type [class org.springframework.web.servlet.resource.ResourceHttpRequestHandler]
2018-06-20 14:19:20.740  INFO 7040 --- [main] o.s.w.s.handler.SimpleUrlHandlerMapping  : Mapped URL path [/**] onto handler of type [class org.springframework.web.servlet.resource.ResourceHttpRequestHandler]
2018-06-20 14:19:20.984  INFO 7040 --- [main] o.s.j.e.a.AnnotationMBeanExporter        : Registering beans for JMX exposure on startup
2018-06-20 14:19:21.049  INFO 7040 --- [main] o.s.b.w.embedded.tomcat.TomcatWebServer  : Tomcat started on port(s): 8080 (http) with context path ''
2018-06-20 14:19:21.053  INFO 7040 --- [main] c.a.web.aitpfront.AitpfrontApplication   : Started AitpfrontApplication in 3.363 seconds (JVM running for 5.498)
2018-06-20 14:20:45.588  INFO 7040 --- [http-nio-8080-exec-1] o.a.c.c.C.[Tomcat].[localhost].[/]       : Initializing Spring FrameworkServlet 'dispatcherServlet'
2018-06-20 14:20:45.589  INFO 7040 --- [http-nio-8080-exec-1] o.s.web.servlet.DispatcherServlet        : FrameworkServlet 'dispatcherServlet': initialization started
2018-06-20 14:20:45.614  INFO 7040 --- [http-nio-8080-exec-1] o.s.web.servlet.DispatcherServlet        : FrameworkServlet 'dispatcherServlet': initialization completed in 25 ms
2018-06-20 14:22:34.080  INFO 7040 --- [http-nio-8080-exec-8] com.aitp.web.aitpfront.WeChatUser        : --------------------------
2018-06-20 14:22:34.080  INFO 7040 --- [http-nio-8080-exec-8] com.aitp.web.aitpfront.WeChatUser        : 02387GoE10w9a10IOjnE15pDoE187GoZ
2018-06-20 14:22:34.080  INFO 7040 --- [http-nio-8080-exec-8] com.aitp.web.aitpfront.WeChatUser        : STATE
2018-06-20 14:22:34.080  INFO 7040 --- [http-nio-8080-exec-8] com.aitp.web.aitpfront.WeChatUser        : --------------------------
2018-06-20 15:33:41.649  INFO 10348 --- [main] c.a.web.aitpfront.AitpfrontApplication   : Starting AitpfrontApplication on CDC311182 with PID 10348 (D:\A5\Workspace\dlife\aitpfront\target\classes started by l.mao in D:\A5\Workspace\dlife\aitpfront)
2018-06-20 15:33:41.654  INFO 10348 --- [main] c.a.web.aitpfront.AitpfrontApplication   : No active profile set, falling back to default profiles: default
2018-06-20 15:33:41.725  INFO 10348 --- [main] ConfigServletWebServerApplicationContext : Refreshing org.springframework.boot.web.servlet.context.AnnotationConfigServletWebServerApplicationContext@670002: startup date [Wed Jun 20 15:33:41 CST 2018]; root of context hierarchy
2018-06-20 15:33:43.111  INFO 10348 --- [main] o.s.b.w.embedded.tomcat.TomcatWebServer  : Tomcat initialized with port(s): 8080 (http)
2018-06-20 15:33:43.161  INFO 10348 --- [main] o.apache.catalina.core.StandardService   : Starting service [Tomcat]
2018-06-20 15:33:43.162  INFO 10348 --- [main] org.apache.catalina.core.StandardEngine  : Starting Servlet Engine: Apache Tomcat/8.5.31
2018-06-20 15:33:43.169  INFO 10348 --- [localhost-startStop-1] o.a.catalina.core.AprLifecycleListener   : The APR based Apache Tomcat Native library which allows optimal performance in production environments was not found on the java.library.path: [C:\Program Files\Java\jdk1.8.0_171\bin;C:\windows\Sun\Java\bin;C:\windows\system32;C:\windows;C:\Program Files (x86)\Common Files\Oracle\Java\javapath;C:\ProgramData\Oracle\Java\javapath;C:\windows\system32;C:\windows;C:\windows\System32\Wbem;C:\windows\System32\WindowsPowerShell\v1.0\;C:\Program Files\TortoiseGit\bin;C:\Program Files\nodejs\;C:\Program Files (x86)\Yarn\bin\;C:\Users\l.mao\AppData\Local\Microsoft\WindowsApps;C:\Users\l.mao\AppData\Local\Programs\Git\cmd;C:\Users\l.mao\AppData\Roaming\npm;C:\Users\l.mao\AppData\Local\Yarn\bin;D:\MyOffice\Tools\apache-maven-3.5.3\bin;;.]
2018-06-20 15:33:43.349  INFO 10348 --- [localhost-startStop-1] o.a.c.c.C.[Tomcat].[localhost].[/]       : Initializing Spring embedded WebApplicationContext
2018-06-20 15:33:43.350  INFO 10348 --- [localhost-startStop-1] o.s.web.context.ContextLoader            : Root WebApplicationContext: initialization completed in 1625 ms
2018-06-20 15:33:43.540  INFO 10348 --- [localhost-startStop-1] o.s.b.w.servlet.ServletRegistrationBean  : Servlet dispatcherServlet mapped to [/]
2018-06-20 15:33:43.544  INFO 10348 --- [localhost-startStop-1] o.s.b.w.servlet.FilterRegistrationBean   : Mapping filter: 'characterEncodingFilter' to: [/*]
2018-06-20 15:33:43.544  INFO 10348 --- [localhost-startStop-1] o.s.b.w.servlet.FilterRegistrationBean   : Mapping filter: 'hiddenHttpMethodFilter' to: [/*]
2018-06-20 15:33:43.544  INFO 10348 --- [localhost-startStop-1] o.s.b.w.servlet.FilterRegistrationBean   : Mapping filter: 'httpPutFormContentFilter' to: [/*]
2018-06-20 15:33:43.544  INFO 10348 --- [localhost-startStop-1] o.s.b.w.servlet.FilterRegistrationBean   : Mapping filter: 'requestContextFilter' to: [/*]
2018-06-20 15:33:43.675  INFO 10348 --- [main] o.s.w.s.handler.SimpleUrlHandlerMapping  : Mapped URL path [/**/favicon.ico] onto handler of type [class org.springframework.web.servlet.resource.ResourceHttpRequestHandler]
2018-06-20 15:33:43.872  INFO 10348 --- [main] s.w.s.m.m.a.RequestMappingHandlerAdapter : Looking for @ControllerAdvice: org.springframework.boot.web.servlet.context.AnnotationConfigServletWebServerApplicationContext@670002: startup date [Wed Jun 20 15:33:41 CST 2018]; root of context hierarchy
2018-06-20 15:33:43.945  INFO 10348 --- [main] s.w.s.m.m.a.RequestMappingHandlerMapping : Mapped "{[/login.html]}" onto public java.lang.String com.aitp.web.aitpfront.WeChatUser.toLogin()
2018-06-20 15:33:43.948  INFO 10348 --- [main] s.w.s.m.m.a.RequestMappingHandlerMapping : Mapped "{[/accept_code.html]}" onto public java.lang.String com.aitp.web.aitpfront.WeChatUser.toAccept(java.lang.String,java.lang.String)
2018-06-20 15:33:43.954  INFO 10348 --- [main] s.w.s.m.m.a.RequestMappingHandlerMapping : Mapped "{[/error]}" onto public org.springframework.http.ResponseEntity<java.util.Map<java.lang.String, java.lang.Object>> org.springframework.boot.autoconfigure.web.servlet.error.BasicErrorController.error(javax.servlet.http.HttpServletRequest)
2018-06-20 15:33:43.955  INFO 10348 --- [main] s.w.s.m.m.a.RequestMappingHandlerMapping : Mapped "{[/error],produces=[text/html]}" onto public org.springframework.web.servlet.ModelAndView org.springframework.boot.autoconfigure.web.servlet.error.BasicErrorController.errorHtml(javax.servlet.http.HttpServletRequest,javax.servlet.http.HttpServletResponse)
2018-06-20 15:33:43.979  INFO 10348 --- [main] o.s.w.s.handler.SimpleUrlHandlerMapping  : Mapped URL path [/webjars/**] onto handler of type [class org.springframework.web.servlet.resource.ResourceHttpRequestHandler]
2018-06-20 15:33:43.979  INFO 10348 --- [main] o.s.w.s.handler.SimpleUrlHandlerMapping  : Mapped URL path [/**] onto handler of type [class org.springframework.web.servlet.resource.ResourceHttpRequestHandler]
2018-06-20 15:33:44.222  INFO 10348 --- [main] o.s.j.e.a.AnnotationMBeanExporter        : Registering beans for JMX exposure on startup
2018-06-20 15:33:44.271  INFO 10348 --- [main] o.s.b.w.embedded.tomcat.TomcatWebServer  : Tomcat started on port(s): 8080 (http) with context path ''
2018-06-20 15:33:44.276  INFO 10348 --- [main] c.a.web.aitpfront.AitpfrontApplication   : Started AitpfrontApplication in 3.378 seconds (JVM running for 5.075)
2018-06-20 15:36:19.856  INFO 15648 --- [main] c.a.web.aitpfront.AitpfrontApplication   : Starting AitpfrontApplication on CDC311182 with PID 15648 (D:\A5\Workspace\dlife\aitpfront\target\classes started by l.mao in D:\A5\Workspace\dlife\aitpfront)
2018-06-20 15:36:19.881  INFO 15648 --- [main] c.a.web.aitpfront.AitpfrontApplication   : No active profile set, falling back to default profiles: default
2018-06-20 15:36:25.554  INFO 1420 --- [main] c.a.web.aitpfront.AitpfrontApplication   : Starting AitpfrontApplication on CDC311182 with PID 1420 (D:\A5\Workspace\dlife\aitpfront\target\classes started by l.mao in D:\A5\Workspace\dlife\aitpfront)
2018-06-20 15:36:25.558  INFO 1420 --- [main] c.a.web.aitpfront.AitpfrontApplication   : No active profile set, falling back to default profiles: default
2018-06-20 15:36:25.658  INFO 1420 --- [main] ConfigServletWebServerApplicationContext : Refreshing org.springframework.boot.web.servlet.context.AnnotationConfigServletWebServerApplicationContext@670002: startup date [Wed Jun 20 15:36:25 CST 2018]; root of context hierarchy
2018-06-20 15:36:27.136  INFO 1420 --- [main] o.s.b.w.embedded.tomcat.TomcatWebServer  : Tomcat initialized with port(s): 8080 (http)
2018-06-20 15:36:27.156  INFO 1420 --- [main] o.apache.catalina.core.StandardService   : Starting service [Tomcat]
2018-06-20 15:36:27.157  INFO 1420 --- [main] org.apache.catalina.core.StandardEngine  : Starting Servlet Engine: Apache Tomcat/8.5.31
2018-06-20 15:36:27.162  INFO 1420 --- [localhost-startStop-1] o.a.catalina.core.AprLifecycleListener   : The APR based Apache Tomcat Native library which allows optimal performance in production environments was not found on the java.library.path: [C:\Program Files\Java\jdk1.8.0_171\bin;C:\windows\Sun\Java\bin;C:\windows\system32;C:\windows;C:\Program Files (x86)\Common Files\Oracle\Java\javapath;C:\ProgramData\Oracle\Java\javapath;C:\windows\system32;C:\windows;C:\windows\System32\Wbem;C:\windows\System32\WindowsPowerShell\v1.0\;C:\Program Files\TortoiseGit\bin;C:\Program Files\nodejs\;C:\Program Files (x86)\Yarn\bin\;C:\Users\l.mao\AppData\Local\Microsoft\WindowsApps;C:\Users\l.mao\AppData\Local\Programs\Git\cmd;C:\Users\l.mao\AppData\Roaming\npm;C:\Users\l.mao\AppData\Local\Yarn\bin;D:\MyOffice\Tools\apache-maven-3.5.3\bin;;.]
2018-06-20 15:36:27.289  INFO 1420 --- [localhost-startStop-1] o.a.c.c.C.[Tomcat].[localhost].[/]       : Initializing Spring embedded WebApplicationContext
2018-06-20 15:36:27.289  INFO 1420 --- [localhost-startStop-1] o.s.web.context.ContextLoader            : Root WebApplicationContext: initialization completed in 1632 ms
2018-06-20 15:36:27.474  INFO 1420 --- [localhost-startStop-1] o.s.b.w.servlet.ServletRegistrationBean  : Servlet dispatcherServlet mapped to [/]
2018-06-20 15:36:27.479  INFO 1420 --- [localhost-startStop-1] o.s.b.w.servlet.FilterRegistrationBean   : Mapping filter: 'characterEncodingFilter' to: [/*]
2018-06-20 15:36:27.480  INFO 1420 --- [localhost-startStop-1] o.s.b.w.servlet.FilterRegistrationBean   : Mapping filter: 'hiddenHttpMethodFilter' to: [/*]
2018-06-20 15:36:27.481  INFO 1420 --- [localhost-startStop-1] o.s.b.w.servlet.FilterRegistrationBean   : Mapping filter: 'httpPutFormContentFilter' to: [/*]
2018-06-20 15:36:27.482  INFO 1420 --- [localhost-startStop-1] o.s.b.w.servlet.FilterRegistrationBean   : Mapping filter: 'requestContextFilter' to: [/*]
2018-06-20 15:36:27.643  INFO 1420 --- [main] o.s.w.s.handler.SimpleUrlHandlerMapping  : Mapped URL path [/**/favicon.ico] onto handler of type [class org.springframework.web.servlet.resource.ResourceHttpRequestHandler]
2018-06-20 15:36:27.839  INFO 1420 --- [main] s.w.s.m.m.a.RequestMappingHandlerAdapter : Looking for @ControllerAdvice: org.springframework.boot.web.servlet.context.AnnotationConfigServletWebServerApplicationContext@670002: startup date [Wed Jun 20 15:36:25 CST 2018]; root of context hierarchy
2018-06-20 15:36:27.900  INFO 1420 --- [main] s.w.s.m.m.a.RequestMappingHandlerMapping : Mapped "{[/accept_code.html]}" onto public java.lang.String com.aitp.web.aitpfront.WeChatUser.toAccept(java.lang.String,java.lang.String)
2018-06-20 15:36:27.901  INFO 1420 --- [main] s.w.s.m.m.a.RequestMappingHandlerMapping : Mapped "{[/login.html]}" onto public java.lang.String com.aitp.web.aitpfront.WeChatUser.toLogin()
2018-06-20 15:36:27.905  INFO 1420 --- [main] s.w.s.m.m.a.RequestMappingHandlerMapping : Mapped "{[/error]}" onto public org.springframework.http.ResponseEntity<java.util.Map<java.lang.String, java.lang.Object>> org.springframework.boot.autoconfigure.web.servlet.error.BasicErrorController.error(javax.servlet.http.HttpServletRequest)
2018-06-20 15:36:27.906  INFO 1420 --- [main] s.w.s.m.m.a.RequestMappingHandlerMapping : Mapped "{[/error],produces=[text/html]}" onto public org.springframework.web.servlet.ModelAndView org.springframework.boot.autoconfigure.web.servlet.error.BasicErrorController.errorHtml(javax.servlet.http.HttpServletRequest,javax.servlet.http.HttpServletResponse)
2018-06-20 15:36:27.927  INFO 1420 --- [main] o.s.w.s.handler.SimpleUrlHandlerMapping  : Mapped URL path [/webjars/**] onto handler of type [class org.springframework.web.servlet.resource.ResourceHttpRequestHandler]
2018-06-20 15:36:27.927  INFO 1420 --- [main] o.s.w.s.handler.SimpleUrlHandlerMapping  : Mapped URL path [/**] onto handler of type [class org.springframework.web.servlet.resource.ResourceHttpRequestHandler]
2018-06-20 15:36:28.128  INFO 1420 --- [main] o.s.j.e.a.AnnotationMBeanExporter        : Registering beans for JMX exposure on startup
2018-06-20 15:36:28.177  INFO 1420 --- [main] o.s.b.w.embedded.tomcat.TomcatWebServer  : Tomcat started on port(s): 8080 (http) with context path ''
2018-06-20 15:36:28.182  INFO 1420 --- [main] c.a.web.aitpfront.AitpfrontApplication   : Started AitpfrontApplication in 3.444 seconds (JVM running for 5.185)
2018-06-20 15:36:32.485  INFO 1420 --- [http-nio-8080-exec-1] o.a.c.c.C.[Tomcat].[localhost].[/]       : Initializing Spring FrameworkServlet 'dispatcherServlet'
2018-06-20 15:36:32.485  INFO 1420 --- [http-nio-8080-exec-1] o.s.web.servlet.DispatcherServlet        : FrameworkServlet 'dispatcherServlet': initialization started
2018-06-20 15:36:32.513  INFO 1420 --- [http-nio-8080-exec-1] o.s.web.servlet.DispatcherServlet        : FrameworkServlet 'dispatcherServlet': initialization completed in 28 ms
2018-06-20 15:39:06.148  INFO 11116 --- [main] c.a.web.aitpfront.AitpfrontApplication   : Starting AitpfrontApplication on CDC311182 with PID 11116 (D:\A5\Workspace\dlife\aitpfront\target\classes started by l.mao in D:\A5\Workspace\dlife\aitpfront)
2018-06-20 15:39:06.153  INFO 11116 --- [main] c.a.web.aitpfront.AitpfrontApplication   : No active profile set, falling back to default profiles: default
2018-06-20 15:39:06.237  INFO 11116 --- [main] ConfigServletWebServerApplicationContext : Refreshing org.springframework.boot.web.servlet.context.AnnotationConfigServletWebServerApplicationContext@1f3f4916: startup date [Wed Jun 20 15:39:06 CST 2018]; root of context hierarchy
2018-06-20 15:39:07.785  INFO 11116 --- [main] o.s.b.w.embedded.tomcat.TomcatWebServer  : Tomcat initialized with port(s): 8080 (http)
2018-06-20 15:39:07.806  INFO 11116 --- [main] o.apache.catalina.core.StandardService   : Starting service [Tomcat]
2018-06-20 15:39:07.807  INFO 11116 --- [main] org.apache.catalina.core.StandardEngine  : Starting Servlet Engine: Apache Tomcat/8.5.31
2018-06-20 15:39:07.812  INFO 11116 --- [localhost-startStop-1] o.a.catalina.core.AprLifecycleListener   : The APR based Apache Tomcat Native library which allows optimal performance in production environments was not found on the java.library.path: [C:\Program Files\Java\jdk1.8.0_171\bin;C:\windows\Sun\Java\bin;C:\windows\system32;C:\windows;C:\Program Files (x86)\Common Files\Oracle\Java\javapath;C:\ProgramData\Oracle\Java\javapath;C:\windows\system32;C:\windows;C:\windows\System32\Wbem;C:\windows\System32\WindowsPowerShell\v1.0\;C:\Program Files\TortoiseGit\bin;C:\Program Files\nodejs\;C:\Program Files (x86)\Yarn\bin\;C:\Users\l.mao\AppData\Local\Microsoft\WindowsApps;C:\Users\l.mao\AppData\Local\Programs\Git\cmd;C:\Users\l.mao\AppData\Roaming\npm;C:\Users\l.mao\AppData\Local\Yarn\bin;D:\MyOffice\Tools\apache-maven-3.5.3\bin;;.]
2018-06-20 15:39:07.943  INFO 11116 --- [localhost-startStop-1] o.a.c.c.C.[Tomcat].[localhost].[/]       : Initializing Spring embedded WebApplicationContext
2018-06-20 15:39:07.943  INFO 11116 --- [localhost-startStop-1] o.s.web.context.ContextLoader            : Root WebApplicationContext: initialization completed in 1706 ms
2018-06-20 15:39:08.116  INFO 11116 --- [localhost-startStop-1] o.s.b.w.servlet.ServletRegistrationBean  : Servlet dispatcherServlet mapped to [/]
2018-06-20 15:39:08.120  INFO 11116 --- [localhost-startStop-1] o.s.b.w.servlet.FilterRegistrationBean   : Mapping filter: 'characterEncodingFilter' to: [/*]
2018-06-20 15:39:08.121  INFO 11116 --- [localhost-startStop-1] o.s.b.w.servlet.FilterRegistrationBean   : Mapping filter: 'hiddenHttpMethodFilter' to: [/*]
2018-06-20 15:39:08.121  INFO 11116 --- [localhost-startStop-1] o.s.b.w.servlet.FilterRegistrationBean   : Mapping filter: 'httpPutFormContentFilter' to: [/*]
2018-06-20 15:39:08.121  INFO 11116 --- [localhost-startStop-1] o.s.b.w.servlet.FilterRegistrationBean   : Mapping filter: 'requestContextFilter' to: [/*]
2018-06-20 15:39:08.234  INFO 11116 --- [main] o.s.w.s.handler.SimpleUrlHandlerMapping  : Mapped URL path [/**/favicon.ico] onto handler of type [class org.springframework.web.servlet.resource.ResourceHttpRequestHandler]
2018-06-20 15:39:08.442  INFO 11116 --- [main] s.w.s.m.m.a.RequestMappingHandlerAdapter : Looking for @ControllerAdvice: org.springframework.boot.web.servlet.context.AnnotationConfigServletWebServerApplicationContext@1f3f4916: startup date [Wed Jun 20 15:39:06 CST 2018]; root of context hierarchy
2018-06-20 15:39:08.502  INFO 11116 --- [main] s.w.s.m.m.a.RequestMappingHandlerMapping : Mapped "{[/login.html]}" onto public java.lang.String com.aitp.web.aitpfront.WeChatUser.toLogin()
2018-06-20 15:39:08.505  INFO 11116 --- [main] s.w.s.m.m.a.RequestMappingHandlerMapping : Mapped "{[/accept_code.html]}" onto public java.lang.String com.aitp.web.aitpfront.WeChatUser.toAccept(java.lang.String,java.lang.String)
2018-06-20 15:39:08.511  INFO 11116 --- [main] s.w.s.m.m.a.RequestMappingHandlerMapping : Mapped "{[/error]}" onto public org.springframework.http.ResponseEntity<java.util.Map<java.lang.String, java.lang.Object>> org.springframework.boot.autoconfigure.web.servlet.error.BasicErrorController.error(javax.servlet.http.HttpServletRequest)
2018-06-20 15:39:08.512  INFO 11116 --- [main] s.w.s.m.m.a.RequestMappingHandlerMapping : Mapped "{[/error],produces=[text/html]}" onto public org.springframework.web.servlet.ModelAndView org.springframework.boot.autoconfigure.web.servlet.error.BasicErrorController.errorHtml(javax.servlet.http.HttpServletRequest,javax.servlet.http.HttpServletResponse)
2018-06-20 15:39:08.539  INFO 11116 --- [main] o.s.w.s.handler.SimpleUrlHandlerMapping  : Mapped URL path [/webjars/**] onto handler of type [class org.springframework.web.servlet.resource.ResourceHttpRequestHandler]
2018-06-20 15:39:08.540  INFO 11116 --- [main] o.s.w.s.handler.SimpleUrlHandlerMapping  : Mapped URL path [/**] onto handler of type [class org.springframework.web.servlet.resource.ResourceHttpRequestHandler]
2018-06-20 15:39:08.795  INFO 11116 --- [main] o.s.j.e.a.AnnotationMBeanExporter        : Registering beans for JMX exposure on startup
2018-06-20 15:39:08.838  INFO 11116 --- [main] o.s.b.w.embedded.tomcat.TomcatWebServer  : Tomcat started on port(s): 8080 (http) with context path ''
2018-06-20 15:39:08.842  INFO 11116 --- [main] c.a.web.aitpfront.AitpfrontApplication   : Started AitpfrontApplication in 3.357 seconds (JVM running for 5.125)
2018-06-20 15:39:09.116  INFO 11116 --- [http-nio-8080-exec-2] o.a.c.c.C.[Tomcat].[localhost].[/]       : Initializing Spring FrameworkServlet 'dispatcherServlet'
2018-06-20 15:39:09.116  INFO 11116 --- [http-nio-8080-exec-2] o.s.web.servlet.DispatcherServlet        : FrameworkServlet 'dispatcherServlet': initialization started
2018-06-20 15:39:09.141  INFO 11116 --- [http-nio-8080-exec-2] o.s.web.servlet.DispatcherServlet        : FrameworkServlet 'dispatcherServlet': initialization completed in 24 ms
2018-06-20 15:40:23.531  INFO 16480 --- [main] c.a.web.aitpfront.AitpfrontApplication   : Starting AitpfrontApplication on CDC311182 with PID 16480 (D:\A5\Workspace\dlife\aitpfront\target\classes started by l.mao in D:\A5\Workspace\dlife\aitpfront)
2018-06-20 15:40:23.544  INFO 16480 --- [main] c.a.web.aitpfront.AitpfrontApplication   : No active profile set, falling back to default profiles: default
2018-06-20 15:40:23.620  INFO 16480 --- [main] ConfigServletWebServerApplicationContext : Refreshing org.springframework.boot.web.servlet.context.AnnotationConfigServletWebServerApplicationContext@3967e60c: startup date [Wed Jun 20 15:40:23 CST 2018]; root of context hierarchy
2018-06-20 15:40:25.129  INFO 16480 --- [main] o.s.b.w.embedded.tomcat.TomcatWebServer  : Tomcat initialized with port(s): 8080 (http)
2018-06-20 15:40:25.153  INFO 16480 --- [main] o.apache.catalina.core.StandardService   : Starting service [Tomcat]
2018-06-20 15:40:25.153  INFO 16480 --- [main] org.apache.catalina.core.StandardEngine  : Starting Servlet Engine: Apache Tomcat/8.5.31
2018-06-20 15:40:25.160  INFO 16480 --- [localhost-startStop-1] o.a.catalina.core.AprLifecycleListener   : The APR based Apache Tomcat Native library which allows optimal performance in production environments was not found on the java.library.path: [C:\Program Files\Java\jdk1.8.0_171\bin;C:\windows\Sun\Java\bin;C:\windows\system32;C:\windows;C:\Program Files (x86)\Common Files\Oracle\Java\javapath;C:\ProgramData\Oracle\Java\javapath;C:\windows\system32;C:\windows;C:\windows\System32\Wbem;C:\windows\System32\WindowsPowerShell\v1.0\;C:\Program Files\TortoiseGit\bin;C:\Program Files\nodejs\;C:\Program Files (x86)\Yarn\bin\;C:\Users\l.mao\AppData\Local\Microsoft\WindowsApps;C:\Users\l.mao\AppData\Local\Programs\Git\cmd;C:\Users\l.mao\AppData\Roaming\npm;C:\Users\l.mao\AppData\Local\Yarn\bin;D:\MyOffice\Tools\apache-maven-3.5.3\bin;;.]
2018-06-20 15:40:25.289  INFO 16480 --- [localhost-startStop-1] o.a.c.c.C.[Tomcat].[localhost].[/]       : Initializing Spring embedded WebApplicationContext
2018-06-20 15:40:25.289  INFO 16480 --- [localhost-startStop-1] o.s.web.context.ContextLoader            : Root WebApplicationContext: initialization completed in 1669 ms
2018-06-20 15:40:25.453  INFO 16480 --- [localhost-startStop-1] o.s.b.w.servlet.ServletRegistrationBean  : Servlet dispatcherServlet mapped to [/]
2018-06-20 15:40:25.457  INFO 16480 --- [localhost-startStop-1] o.s.b.w.servlet.FilterRegistrationBean   : Mapping filter: 'characterEncodingFilter' to: [/*]
2018-06-20 15:40:25.457  INFO 16480 --- [localhost-startStop-1] o.s.b.w.servlet.FilterRegistrationBean   : Mapping filter: 'hiddenHttpMethodFilter' to: [/*]
2018-06-20 15:40:25.458  INFO 16480 --- [localhost-startStop-1] o.s.b.w.servlet.FilterRegistrationBean   : Mapping filter: 'httpPutFormContentFilter' to: [/*]
2018-06-20 15:40:25.458  INFO 16480 --- [localhost-startStop-1] o.s.b.w.servlet.FilterRegistrationBean   : Mapping filter: 'requestContextFilter' to: [/*]
2018-06-20 15:40:25.579  INFO 16480 --- [main] o.s.w.s.handler.SimpleUrlHandlerMapping  : Mapped URL path [/**/favicon.ico] onto handler of type [class org.springframework.web.servlet.resource.ResourceHttpRequestHandler]
2018-06-20 15:40:25.779  INFO 16480 --- [main] s.w.s.m.m.a.RequestMappingHandlerAdapter : Looking for @ControllerAdvice: org.springframework.boot.web.servlet.context.AnnotationConfigServletWebServerApplicationContext@3967e60c: startup date [Wed Jun 20 15:40:23 CST 2018]; root of context hierarchy
2018-06-20 15:40:25.832  INFO 16480 --- [main] s.w.s.m.m.a.RequestMappingHandlerMapping : Mapped "{[/login.html]}" onto public java.lang.String com.aitp.web.aitpfront.WeChatUser.toLogin()
2018-06-20 15:40:25.834  INFO 16480 --- [main] s.w.s.m.m.a.RequestMappingHandlerMapping : Mapped "{[/accept_code.html]}" onto public java.lang.String com.aitp.web.aitpfront.WeChatUser.toAccept(java.lang.String,java.lang.String)
2018-06-20 15:40:25.838  INFO 16480 --- [main] s.w.s.m.m.a.RequestMappingHandlerMapping : Mapped "{[/error]}" onto public org.springframework.http.ResponseEntity<java.util.Map<java.lang.String, java.lang.Object>> org.springframework.boot.autoconfigure.web.servlet.error.BasicErrorController.error(javax.servlet.http.HttpServletRequest)
2018-06-20 15:40:25.839  INFO 16480 --- [main] s.w.s.m.m.a.RequestMappingHandlerMapping : Mapped "{[/error],produces=[text/html]}" onto public org.springframework.web.servlet.ModelAndView org.springframework.boot.autoconfigure.web.servlet.error.BasicErrorController.errorHtml(javax.servlet.http.HttpServletRequest,javax.servlet.http.HttpServletResponse)
2018-06-20 15:40:25.862  INFO 16480 --- [main] o.s.w.s.handler.SimpleUrlHandlerMapping  : Mapped URL path [/webjars/**] onto handler of type [class org.springframework.web.servlet.resource.ResourceHttpRequestHandler]
2018-06-20 15:40:25.862  INFO 16480 --- [main] o.s.w.s.handler.SimpleUrlHandlerMapping  : Mapped URL path [/**] onto handler of type [class org.springframework.web.servlet.resource.ResourceHttpRequestHandler]
2018-06-20 15:40:26.045  INFO 16480 --- [main] o.s.j.e.a.AnnotationMBeanExporter        : Registering beans for JMX exposure on startup
2018-06-20 15:40:26.086  INFO 16480 --- [main] o.s.b.w.embedded.tomcat.TomcatWebServer  : Tomcat started on port(s): 8080 (http) with context path ''
2018-06-20 15:40:26.090  INFO 16480 --- [main] c.a.web.aitpfront.AitpfrontApplication   : Started AitpfrontApplication in 3.268 seconds (JVM running for 4.959)
2018-06-20 15:40:26.661  INFO 16480 --- [http-nio-8080-exec-1] o.a.c.c.C.[Tomcat].[localhost].[/]       : Initializing Spring FrameworkServlet 'dispatcherServlet'
2018-06-20 15:40:26.661  INFO 16480 --- [http-nio-8080-exec-1] o.s.web.servlet.DispatcherServlet        : FrameworkServlet 'dispatcherServlet': initialization started
2018-06-20 15:40:26.686  INFO 16480 --- [http-nio-8080-exec-1] o.s.web.servlet.DispatcherServlet        : FrameworkServlet 'dispatcherServlet': initialization completed in 25 ms
2018-06-20 15:42:00.093  INFO 14228 --- [main] c.a.web.aitpfront.AitpfrontApplication   : Starting AitpfrontApplication on CDC311182 with PID 14228 (D:\A5\Workspace\dlife\aitpfront\target\classes started by l.mao in D:\A5\Workspace\dlife\aitpfront)
2018-06-20 15:42:00.097  INFO 14228 --- [main] c.a.web.aitpfront.AitpfrontApplication   : No active profile set, falling back to default profiles: default
2018-06-20 15:42:00.144  INFO 14228 --- [main] ConfigServletWebServerApplicationContext : Refreshing org.springframework.boot.web.servlet.context.AnnotationConfigServletWebServerApplicationContext@794cb805: startup date [Wed Jun 20 15:42:00 CST 2018]; root of context hierarchy
2018-06-20 15:42:01.241  INFO 14228 --- [main] o.s.b.w.embedded.tomcat.TomcatWebServer  : Tomcat initialized with port(s): 8080 (http)
2018-06-20 15:42:01.267  INFO 14228 --- [main] o.apache.catalina.core.StandardService   : Starting service [Tomcat]
2018-06-20 15:42:01.267  INFO 14228 --- [main] org.apache.catalina.core.StandardEngine  : Starting Servlet Engine: Apache Tomcat/8.5.31
2018-06-20 15:42:01.273  INFO 14228 --- [localhost-startStop-1] o.a.catalina.core.AprLifecycleListener   : The APR based Apache Tomcat Native library which allows optimal performance in production environments was not found on the java.library.path: [C:\Program Files\Java\jdk1.8.0_171\bin;C:\windows\Sun\Java\bin;C:\windows\system32;C:\windows;C:\Program Files (x86)\Common Files\Oracle\Java\javapath;C:\ProgramData\Oracle\Java\javapath;C:\windows\system32;C:\windows;C:\windows\System32\Wbem;C:\windows\System32\WindowsPowerShell\v1.0\;C:\Program Files\TortoiseGit\bin;C:\Program Files\nodejs\;C:\Program Files (x86)\Yarn\bin\;C:\Users\l.mao\AppData\Local\Microsoft\WindowsApps;C:\Users\l.mao\AppData\Local\Programs\Git\cmd;C:\Users\l.mao\AppData\Roaming\npm;C:\Users\l.mao\AppData\Local\Yarn\bin;D:\MyOffice\Tools\apache-maven-3.5.3\bin;;.]
2018-06-20 15:42:01.446  INFO 14228 --- [localhost-startStop-1] o.a.c.c.C.[Tomcat].[localhost].[/]       : Initializing Spring embedded WebApplicationContext
2018-06-20 15:42:01.447  INFO 14228 --- [localhost-startStop-1] o.s.web.context.ContextLoader            : Root WebApplicationContext: initialization completed in 1303 ms
2018-06-20 15:42:01.613  INFO 14228 --- [localhost-startStop-1] o.s.b.w.servlet.ServletRegistrationBean  : Servlet dispatcherServlet mapped to [/]
2018-06-20 15:42:01.618  INFO 14228 --- [localhost-startStop-1] o.s.b.w.servlet.FilterRegistrationBean   : Mapping filter: 'characterEncodingFilter' to: [/*]
2018-06-20 15:42:01.619  INFO 14228 --- [localhost-startStop-1] o.s.b.w.servlet.FilterRegistrationBean   : Mapping filter: 'hiddenHttpMethodFilter' to: [/*]
2018-06-20 15:42:01.619  INFO 14228 --- [localhost-startStop-1] o.s.b.w.servlet.FilterRegistrationBean   : Mapping filter: 'httpPutFormContentFilter' to: [/*]
2018-06-20 15:42:01.619  INFO 14228 --- [localhost-startStop-1] o.s.b.w.servlet.FilterRegistrationBean   : Mapping filter: 'requestContextFilter' to: [/*]
2018-06-20 15:42:01.747  INFO 14228 --- [main] o.s.w.s.handler.SimpleUrlHandlerMapping  : Mapped URL path [/**/favicon.ico] onto handler of type [class org.springframework.web.servlet.resource.ResourceHttpRequestHandler]
2018-06-20 15:42:01.923  INFO 14228 --- [main] s.w.s.m.m.a.RequestMappingHandlerAdapter : Looking for @ControllerAdvice: org.springframework.boot.web.servlet.context.AnnotationConfigServletWebServerApplicationContext@794cb805: startup date [Wed Jun 20 15:42:00 CST 2018]; root of context hierarchy
2018-06-20 15:42:01.975  INFO 14228 --- [main] s.w.s.m.m.a.RequestMappingHandlerMapping : Mapped "{[/login.html]}" onto public java.lang.String com.aitp.web.aitpfront.WeChatUser.toLogin()
2018-06-20 15:42:01.978  INFO 14228 --- [main] s.w.s.m.m.a.RequestMappingHandlerMapping : Mapped "{[/accept_code.html]}" onto public java.lang.String com.aitp.web.aitpfront.WeChatUser.toAccept(java.lang.String,java.lang.String)
2018-06-20 15:42:01.984  INFO 14228 --- [main] s.w.s.m.m.a.RequestMappingHandlerMapping : Mapped "{[/error]}" onto public org.springframework.http.ResponseEntity<java.util.Map<java.lang.String, java.lang.Object>> org.springframework.boot.autoconfigure.web.servlet.error.BasicErrorController.error(javax.servlet.http.HttpServletRequest)
2018-06-20 15:42:01.985  INFO 14228 --- [main] s.w.s.m.m.a.RequestMappingHandlerMapping : Mapped "{[/error],produces=[text/html]}" onto public org.springframework.web.servlet.ModelAndView org.springframework.boot.autoconfigure.web.servlet.error.BasicErrorController.errorHtml(javax.servlet.http.HttpServletRequest,javax.servlet.http.HttpServletResponse)
2018-06-20 15:42:02.006  INFO 14228 --- [main] o.s.w.s.handler.SimpleUrlHandlerMapping  : Mapped URL path [/webjars/**] onto handler of type [class org.springframework.web.servlet.resource.ResourceHttpRequestHandler]
2018-06-20 15:42:02.006  INFO 14228 --- [main] o.s.w.s.handler.SimpleUrlHandlerMapping  : Mapped URL path [/**] onto handler of type [class org.springframework.web.servlet.resource.ResourceHttpRequestHandler]
2018-06-20 15:42:02.185  INFO 14228 --- [main] o.s.j.e.a.AnnotationMBeanExporter        : Registering beans for JMX exposure on startup
2018-06-20 15:42:02.228  INFO 14228 --- [main] o.s.b.w.embedded.tomcat.TomcatWebServer  : Tomcat started on port(s): 8080 (http) with context path ''
2018-06-20 15:42:02.233  INFO 14228 --- [main] c.a.web.aitpfront.AitpfrontApplication   : Started AitpfrontApplication in 3.667 seconds (JVM running for 5.236)
2018-06-20 15:42:33.340  INFO 14228 --- [http-nio-8080-exec-1] o.a.c.c.C.[Tomcat].[localhost].[/]       : Initializing Spring FrameworkServlet 'dispatcherServlet'
2018-06-20 15:42:33.340  INFO 14228 --- [http-nio-8080-exec-1] o.s.web.servlet.DispatcherServlet        : FrameworkServlet 'dispatcherServlet': initialization started
2018-06-20 15:42:33.364  INFO 14228 --- [http-nio-8080-exec-1] o.s.web.servlet.DispatcherServlet        : FrameworkServlet 'dispatcherServlet': initialization completed in 24 ms
2018-06-20 15:57:26.365  INFO 11996 --- [main] c.a.web.aitpfront.AitpfrontApplication   : Starting AitpfrontApplication on CDC311182 with PID 11996 (D:\A5\Workspace\dlife\aitpfront\target\classes started by l.mao in D:\A5\Workspace\dlife\aitpfront)
2018-06-20 15:57:26.370  INFO 11996 --- [main] c.a.web.aitpfront.AitpfrontApplication   : No active profile set, falling back to default profiles: default
2018-06-20 15:57:26.423  INFO 11996 --- [main] ConfigServletWebServerApplicationContext : Refreshing org.springframework.boot.web.servlet.context.AnnotationConfigServletWebServerApplicationContext@4b5a5ed1: startup date [Wed Jun 20 15:57:26 CST 2018]; root of context hierarchy
2018-06-20 15:57:27.827  INFO 11996 --- [main] o.s.b.w.embedded.tomcat.TomcatWebServer  : Tomcat initialized with port(s): 8080 (http)
2018-06-20 15:57:27.848  INFO 11996 --- [main] o.apache.catalina.core.StandardService   : Starting service [Tomcat]
2018-06-20 15:57:27.848  INFO 11996 --- [main] org.apache.catalina.core.StandardEngine  : Starting Servlet Engine: Apache Tomcat/8.5.31
2018-06-20 15:57:27.853  INFO 11996 --- [localhost-startStop-1] o.a.catalina.core.AprLifecycleListener   : The APR based Apache Tomcat Native library which allows optimal performance in production environments was not found on the java.library.path: [C:\Program Files\Java\jdk1.8.0_171\bin;C:\windows\Sun\Java\bin;C:\windows\system32;C:\windows;C:\Program Files (x86)\Common Files\Oracle\Java\javapath;C:\ProgramData\Oracle\Java\javapath;C:\windows\system32;C:\windows;C:\windows\System32\Wbem;C:\windows\System32\WindowsPowerShell\v1.0\;C:\Program Files\TortoiseGit\bin;C:\Program Files\nodejs\;C:\Program Files (x86)\Yarn\bin\;C:\Users\l.mao\AppData\Local\Microsoft\WindowsApps;C:\Users\l.mao\AppData\Local\Programs\Git\cmd;C:\Users\l.mao\AppData\Roaming\npm;C:\Users\l.mao\AppData\Local\Yarn\bin;D:\MyOffice\Tools\apache-maven-3.5.3\bin;;.]
2018-06-20 15:57:27.982  INFO 11996 --- [localhost-startStop-1] o.a.c.c.C.[Tomcat].[localhost].[/]       : Initializing Spring embedded WebApplicationContext
2018-06-20 15:57:27.983  INFO 11996 --- [localhost-startStop-1] o.s.web.context.ContextLoader            : Root WebApplicationContext: initialization completed in 1560 ms
2018-06-20 15:57:28.316  INFO 11996 --- [localhost-startStop-1] o.s.b.w.servlet.ServletRegistrationBean  : Servlet dispatcherServlet mapped to [/]
2018-06-20 15:57:28.321  INFO 11996 --- [localhost-startStop-1] o.s.b.w.servlet.FilterRegistrationBean   : Mapping filter: 'characterEncodingFilter' to: [/*]
2018-06-20 15:57:28.321  INFO 11996 --- [localhost-startStop-1] o.s.b.w.servlet.FilterRegistrationBean   : Mapping filter: 'hiddenHttpMethodFilter' to: [/*]
2018-06-20 15:57:28.321  INFO 11996 --- [localhost-startStop-1] o.s.b.w.servlet.FilterRegistrationBean   : Mapping filter: 'httpPutFormContentFilter' to: [/*]
2018-06-20 15:57:28.321  INFO 11996 --- [localhost-startStop-1] o.s.b.w.servlet.FilterRegistrationBean   : Mapping filter: 'requestContextFilter' to: [/*]
2018-06-20 15:57:28.448  INFO 11996 --- [main] o.s.w.s.handler.SimpleUrlHandlerMapping  : Mapped URL path [/**/favicon.ico] onto handler of type [class org.springframework.web.servlet.resource.ResourceHttpRequestHandler]
2018-06-20 15:57:28.645  INFO 11996 --- [main] s.w.s.m.m.a.RequestMappingHandlerAdapter : Looking for @ControllerAdvice: org.springframework.boot.web.servlet.context.AnnotationConfigServletWebServerApplicationContext@4b5a5ed1: startup date [Wed Jun 20 15:57:26 CST 2018]; root of context hierarchy
2018-06-20 15:57:28.695  INFO 11996 --- [main] s.w.s.m.m.a.RequestMappingHandlerMapping : Mapped "{[/login.html]}" onto public java.lang.String com.aitp.web.aitpfront.WeChatUser.toLogin()
2018-06-20 15:57:28.707  INFO 11996 --- [main] s.w.s.m.m.a.RequestMappingHandlerMapping : Mapped "{[/accept_code.html]}" onto public java.lang.String com.aitp.web.aitpfront.WeChatUser.toAccept(java.lang.String,java.lang.String)
2018-06-20 15:57:28.713  INFO 11996 --- [main] s.w.s.m.m.a.RequestMappingHandlerMapping : Mapped "{[/error]}" onto public org.springframework.http.ResponseEntity<java.util.Map<java.lang.String, java.lang.Object>> org.springframework.boot.autoconfigure.web.servlet.error.BasicErrorController.error(javax.servlet.http.HttpServletRequest)
2018-06-20 15:57:28.715  INFO 11996 --- [main] s.w.s.m.m.a.RequestMappingHandlerMapping : Mapped "{[/error],produces=[text/html]}" onto public org.springframework.web.servlet.ModelAndView org.springframework.boot.autoconfigure.web.servlet.error.BasicErrorController.errorHtml(javax.servlet.http.HttpServletRequest,javax.servlet.http.HttpServletResponse)
2018-06-20 15:57:28.748  INFO 11996 --- [main] o.s.w.s.handler.SimpleUrlHandlerMapping  : Mapped URL path [/webjars/**] onto handler of type [class org.springframework.web.servlet.resource.ResourceHttpRequestHandler]
2018-06-20 15:57:28.748  INFO 11996 --- [main] o.s.w.s.handler.SimpleUrlHandlerMapping  : Mapped URL path [/static] onto handler of type [class org.springframework.web.servlet.resource.ResourceHttpRequestHandler]
2018-06-20 15:57:29.015  INFO 11996 --- [main] o.s.j.e.a.AnnotationMBeanExporter        : Registering beans for JMX exposure on startup
2018-06-20 15:57:29.061  INFO 11996 --- [main] o.s.b.w.embedded.tomcat.TomcatWebServer  : Tomcat started on port(s): 8080 (http) with context path ''
2018-06-20 15:57:29.066  INFO 11996 --- [main] c.a.web.aitpfront.AitpfrontApplication   : Started AitpfrontApplication in 7.435 seconds (JVM running for 9.148)
2018-06-20 15:57:32.653  INFO 11996 --- [http-nio-8080-exec-1] o.a.c.c.C.[Tomcat].[localhost].[/]       : Initializing Spring FrameworkServlet 'dispatcherServlet'
2018-06-20 15:57:32.653  INFO 11996 --- [http-nio-8080-exec-1] o.s.web.servlet.DispatcherServlet        : FrameworkServlet 'dispatcherServlet': initialization started
2018-06-20 15:57:32.680  INFO 11996 --- [http-nio-8080-exec-1] o.s.web.servlet.DispatcherServlet        : FrameworkServlet 'dispatcherServlet': initialization completed in 27 ms
2018-06-20 15:57:32.696  WARN 11996 --- [http-nio-8080-exec-1] o.s.web.servlet.PageNotFound             : No mapping found for HTTP request with URI [/static/deom.html] in DispatcherServlet with name 'dispatcherServlet'
2018-06-20 15:57:36.497  WARN 11996 --- [http-nio-8080-exec-2] o.s.web.servlet.PageNotFound             : No mapping found for HTTP request with URI [/deom.html] in DispatcherServlet with name 'dispatcherServlet'
2018-06-20 16:10:14.958  WARN 11996 --- [http-nio-8080-exec-6] o.s.web.servlet.PageNotFound             : No mapping found for HTTP request with URI [/index.html] in DispatcherServlet with name 'dispatcherServlet'
2018-06-20 16:10:22.263  WARN 11996 --- [http-nio-8080-exec-7] o.s.web.servlet.PageNotFound             : No mapping found for HTTP request with URI [/static/index.html] in DispatcherServlet with name 'dispatcherServlet'
2018-06-20 16:10:34.498  INFO 16416 --- [main] c.a.web.aitpfront.AitpfrontApplication   : Starting AitpfrontApplication on CDC311182 with PID 16416 (D:\A5\Workspace\dlife\aitpfront\target\classes started by l.mao in D:\A5\Workspace\dlife\aitpfront)
2018-06-20 16:10:34.502  INFO 16416 --- [main] c.a.web.aitpfront.AitpfrontApplication   : No active profile set, falling back to default profiles: default
2018-06-20 16:10:34.589  INFO 16416 --- [main] ConfigServletWebServerApplicationContext : Refreshing org.springframework.boot.web.servlet.context.AnnotationConfigServletWebServerApplicationContext@161479c6: startup date [Wed Jun 20 16:10:34 CST 2018]; root of context hierarchy
2018-06-20 16:10:36.206  INFO 16416 --- [main] o.s.b.w.embedded.tomcat.TomcatWebServer  : Tomcat initialized with port(s): 8080 (http)
2018-06-20 16:10:36.228  INFO 16416 --- [main] o.apache.catalina.core.StandardService   : Starting service [Tomcat]
2018-06-20 16:10:36.228  INFO 16416 --- [main] org.apache.catalina.core.StandardEngine  : Starting Servlet Engine: Apache Tomcat/8.5.31
2018-06-20 16:10:36.233  INFO 16416 --- [localhost-startStop-1] o.a.catalina.core.AprLifecycleListener   : The APR based Apache Tomcat Native library which allows optimal performance in production environments was not found on the java.library.path: [C:\Program Files\Java\jdk1.8.0_171\bin;C:\windows\Sun\Java\bin;C:\windows\system32;C:\windows;C:\Program Files (x86)\Common Files\Oracle\Java\javapath;C:\ProgramData\Oracle\Java\javapath;C:\windows\system32;C:\windows;C:\windows\System32\Wbem;C:\windows\System32\WindowsPowerShell\v1.0\;C:\Program Files\TortoiseGit\bin;C:\Program Files\nodejs\;C:\Program Files (x86)\Yarn\bin\;C:\Users\l.mao\AppData\Local\Microsoft\WindowsApps;C:\Users\l.mao\AppData\Local\Programs\Git\cmd;C:\Users\l.mao\AppData\Roaming\npm;C:\Users\l.mao\AppData\Local\Yarn\bin;D:\MyOffice\Tools\apache-maven-3.5.3\bin;;.]
2018-06-20 16:10:36.367  INFO 16416 --- [localhost-startStop-1] o.a.c.c.C.[Tomcat].[localhost].[/]       : Initializing Spring embedded WebApplicationContext
2018-06-20 16:10:36.367  INFO 16416 --- [localhost-startStop-1] o.s.web.context.ContextLoader            : Root WebApplicationContext: initialization completed in 1778 ms
2018-06-20 16:10:36.554  INFO 16416 --- [localhost-startStop-1] o.s.b.w.servlet.ServletRegistrationBean  : Servlet dispatcherServlet mapped to [/]
2018-06-20 16:10:36.558  INFO 16416 --- [localhost-startStop-1] o.s.b.w.servlet.FilterRegistrationBean   : Mapping filter: 'characterEncodingFilter' to: [/*]
2018-06-20 16:10:36.559  INFO 16416 --- [localhost-startStop-1] o.s.b.w.servlet.FilterRegistrationBean   : Mapping filter: 'hiddenHttpMethodFilter' to: [/*]
2018-06-20 16:10:36.559  INFO 16416 --- [localhost-startStop-1] o.s.b.w.servlet.FilterRegistrationBean   : Mapping filter: 'httpPutFormContentFilter' to: [/*]
2018-06-20 16:10:36.559  INFO 16416 --- [localhost-startStop-1] o.s.b.w.servlet.FilterRegistrationBean   : Mapping filter: 'requestContextFilter' to: [/*]
2018-06-20 16:10:36.690  INFO 16416 --- [main] o.s.w.s.handler.SimpleUrlHandlerMapping  : Mapped URL path [/**/favicon.ico] onto handler of type [class org.springframework.web.servlet.resource.ResourceHttpRequestHandler]
2018-06-20 16:10:36.891  INFO 16416 --- [main] s.w.s.m.m.a.RequestMappingHandlerAdapter : Looking for @ControllerAdvice: org.springframework.boot.web.servlet.context.AnnotationConfigServletWebServerApplicationContext@161479c6: startup date [Wed Jun 20 16:10:34 CST 2018]; root of context hierarchy
2018-06-20 16:10:36.946  INFO 16416 --- [main] s.w.s.m.m.a.RequestMappingHandlerMapping : Mapped "{[/accept_code.html]}" onto public java.lang.String com.aitp.web.aitpfront.WeChatUser.toAccept(java.lang.String,java.lang.String)
2018-06-20 16:10:36.947  INFO 16416 --- [main] s.w.s.m.m.a.RequestMappingHandlerMapping : Mapped "{[/login.html]}" onto public java.lang.String com.aitp.web.aitpfront.WeChatUser.toLogin()
2018-06-20 16:10:36.951  INFO 16416 --- [main] s.w.s.m.m.a.RequestMappingHandlerMapping : Mapped "{[/error]}" onto public org.springframework.http.ResponseEntity<java.util.Map<java.lang.String, java.lang.Object>> org.springframework.boot.autoconfigure.web.servlet.error.BasicErrorController.error(javax.servlet.http.HttpServletRequest)
2018-06-20 16:10:36.952  INFO 16416 --- [main] s.w.s.m.m.a.RequestMappingHandlerMapping : Mapped "{[/error],produces=[text/html]}" onto public org.springframework.web.servlet.ModelAndView org.springframework.boot.autoconfigure.web.servlet.error.BasicErrorController.errorHtml(javax.servlet.http.HttpServletRequest,javax.servlet.http.HttpServletResponse)
2018-06-20 16:10:36.971  INFO 16416 --- [main] o.s.w.s.handler.SimpleUrlHandlerMapping  : Mapped URL path [/webjars/**] onto handler of type [class org.springframework.web.servlet.resource.ResourceHttpRequestHandler]
2018-06-20 16:10:36.972  INFO 16416 --- [main] o.s.w.s.handler.SimpleUrlHandlerMapping  : Mapped URL path [/static] onto handler of type [class org.springframework.web.servlet.resource.ResourceHttpRequestHandler]
2018-06-20 16:10:37.162  INFO 16416 --- [main] o.s.j.e.a.AnnotationMBeanExporter        : Registering beans for JMX exposure on startup
2018-06-20 16:10:37.211  INFO 16416 --- [main] o.s.b.w.embedded.tomcat.TomcatWebServer  : Tomcat started on port(s): 8080 (http) with context path ''
2018-06-20 16:10:37.215  INFO 16416 --- [main] c.a.web.aitpfront.AitpfrontApplication   : Started AitpfrontApplication in 3.346 seconds (JVM running for 5.065)
2018-06-20 16:10:48.793  INFO 16416 --- [http-nio-8080-exec-1] o.a.c.c.C.[Tomcat].[localhost].[/]       : Initializing Spring FrameworkServlet 'dispatcherServlet'
2018-06-20 16:10:48.793  INFO 16416 --- [http-nio-8080-exec-1] o.s.web.servlet.DispatcherServlet        : FrameworkServlet 'dispatcherServlet': initialization started
2018-06-20 16:10:48.829  INFO 16416 --- [http-nio-8080-exec-1] o.s.web.servlet.DispatcherServlet        : FrameworkServlet 'dispatcherServlet': initialization completed in 36 ms
2018-06-20 16:10:48.856  WARN 16416 --- [http-nio-8080-exec-1] o.s.web.servlet.PageNotFound             : No mapping found for HTTP request with URI [/static/index.html] in DispatcherServlet with name 'dispatcherServlet'
2018-06-20 16:10:52.195  WARN 16416 --- [http-nio-8080-exec-2] o.s.web.servlet.PageNotFound             : No mapping found for HTTP request with URI [/index.html] in DispatcherServlet with name 'dispatcherServlet'
2018-06-20 16:13:38.880  INFO 14020 --- [main] c.a.web.aitpfront.AitpfrontApplication   : Starting AitpfrontApplication on CDC311182 with PID 14020 (D:\A5\Workspace\dlife\aitpfront\target\classes started by l.mao in D:\A5\Workspace\dlife\aitpfront)
2018-06-20 16:13:38.885  INFO 14020 --- [main] c.a.web.aitpfront.AitpfrontApplication   : No active profile set, falling back to default profiles: default
2018-06-20 16:13:38.943  INFO 14020 --- [main] ConfigServletWebServerApplicationContext : Refreshing org.springframework.boot.web.servlet.context.AnnotationConfigServletWebServerApplicationContext@49c386c8: startup date [Wed Jun 20 16:13:38 CST 2018]; root of context hierarchy
2018-06-20 16:13:40.303  INFO 14020 --- [main] o.s.b.w.embedded.tomcat.TomcatWebServer  : Tomcat initialized with port(s): 8080 (http)
2018-06-20 16:13:40.324  INFO 14020 --- [main] o.apache.catalina.core.StandardService   : Starting service [Tomcat]
2018-06-20 16:13:40.325  INFO 14020 --- [main] org.apache.catalina.core.StandardEngine  : Starting Servlet Engine: Apache Tomcat/8.5.31
2018-06-20 16:13:40.331  INFO 14020 --- [localhost-startStop-1] o.a.catalina.core.AprLifecycleListener   : The APR based Apache Tomcat Native library which allows optimal performance in production environments was not found on the java.library.path: [C:\Program Files\Java\jdk1.8.0_171\bin;C:\windows\Sun\Java\bin;C:\windows\system32;C:\windows;C:\Program Files (x86)\Common Files\Oracle\Java\javapath;C:\ProgramData\Oracle\Java\javapath;C:\windows\system32;C:\windows;C:\windows\System32\Wbem;C:\windows\System32\WindowsPowerShell\v1.0\;C:\Program Files\TortoiseGit\bin;C:\Program Files\nodejs\;C:\Program Files (x86)\Yarn\bin\;C:\Users\l.mao\AppData\Local\Microsoft\WindowsApps;C:\Users\l.mao\AppData\Local\Programs\Git\cmd;C:\Users\l.mao\AppData\Roaming\npm;C:\Users\l.mao\AppData\Local\Yarn\bin;D:\MyOffice\Tools\apache-maven-3.5.3\bin;;.]
2018-06-20 16:13:40.467  INFO 14020 --- [localhost-startStop-1] o.a.c.c.C.[Tomcat].[localhost].[/]       : Initializing Spring embedded WebApplicationContext
2018-06-20 16:13:40.467  INFO 14020 --- [localhost-startStop-1] o.s.web.context.ContextLoader            : Root WebApplicationContext: initialization completed in 1524 ms
2018-06-20 16:13:40.657  INFO 14020 --- [localhost-startStop-1] o.s.b.w.servlet.ServletRegistrationBean  : Servlet dispatcherServlet mapped to [/]
2018-06-20 16:13:40.661  INFO 14020 --- [localhost-startStop-1] o.s.b.w.servlet.FilterRegistrationBean   : Mapping filter: 'characterEncodingFilter' to: [/*]
2018-06-20 16:13:40.661  INFO 14020 --- [localhost-startStop-1] o.s.b.w.servlet.FilterRegistrationBean   : Mapping filter: 'hiddenHttpMethodFilter' to: [/*]
2018-06-20 16:13:40.662  INFO 14020 --- [localhost-startStop-1] o.s.b.w.servlet.FilterRegistrationBean   : Mapping filter: 'httpPutFormContentFilter' to: [/*]
2018-06-20 16:13:40.662  INFO 14020 --- [localhost-startStop-1] o.s.b.w.servlet.FilterRegistrationBean   : Mapping filter: 'requestContextFilter' to: [/*]
2018-06-20 16:13:40.805  INFO 14020 --- [main] o.s.w.s.handler.SimpleUrlHandlerMapping  : Mapped URL path [/**/favicon.ico] onto handler of type [class org.springframework.web.servlet.resource.ResourceHttpRequestHandler]
2018-06-20 16:13:41.012  INFO 14020 --- [main] s.w.s.m.m.a.RequestMappingHandlerAdapter : Looking for @ControllerAdvice: org.springframework.boot.web.servlet.context.AnnotationConfigServletWebServerApplicationContext@49c386c8: startup date [Wed Jun 20 16:13:38 CST 2018]; root of context hierarchy
2018-06-20 16:13:41.064  INFO 14020 --- [main] s.w.s.m.m.a.RequestMappingHandlerMapping : Mapped "{[/accept_code.html]}" onto public java.lang.String com.aitp.web.aitpfront.WeChatUser.toAccept(java.lang.String,java.lang.String)
2018-06-20 16:13:41.065  INFO 14020 --- [main] s.w.s.m.m.a.RequestMappingHandlerMapping : Mapped "{[/login.html]}" onto public java.lang.String com.aitp.web.aitpfront.WeChatUser.toLogin()
2018-06-20 16:13:41.068  INFO 14020 --- [main] s.w.s.m.m.a.RequestMappingHandlerMapping : Mapped "{[/error]}" onto public org.springframework.http.ResponseEntity<java.util.Map<java.lang.String, java.lang.Object>> org.springframework.boot.autoconfigure.web.servlet.error.BasicErrorController.error(javax.servlet.http.HttpServletRequest)
2018-06-20 16:13:41.069  INFO 14020 --- [main] s.w.s.m.m.a.RequestMappingHandlerMapping : Mapped "{[/error],produces=[text/html]}" onto public org.springframework.web.servlet.ModelAndView org.springframework.boot.autoconfigure.web.servlet.error.BasicErrorController.errorHtml(javax.servlet.http.HttpServletRequest,javax.servlet.http.HttpServletResponse)
2018-06-20 16:13:41.094  INFO 14020 --- [main] o.s.w.s.handler.SimpleUrlHandlerMapping  : Mapped URL path [/webjars/**] onto handler of type [class org.springframework.web.servlet.resource.ResourceHttpRequestHandler]
2018-06-20 16:13:41.094  INFO 14020 --- [main] o.s.w.s.handler.SimpleUrlHandlerMapping  : Mapped URL path [/static] onto handler of type [class org.springframework.web.servlet.resource.ResourceHttpRequestHandler]
2018-06-20 16:13:41.298  INFO 14020 --- [main] o.s.j.e.a.AnnotationMBeanExporter        : Registering beans for JMX exposure on startup
2018-06-20 16:13:41.345  INFO 14020 --- [main] o.s.b.w.embedded.tomcat.TomcatWebServer  : Tomcat started on port(s): 8080 (http) with context path ''
2018-06-20 16:13:41.349  INFO 14020 --- [main] c.a.web.aitpfront.AitpfrontApplication   : Started AitpfrontApplication in 13.007 seconds (JVM running for 14.753)
2018-06-20 16:13:54.283  INFO 14020 --- [http-nio-8080-exec-2] o.a.c.c.C.[Tomcat].[localhost].[/]       : Initializing Spring FrameworkServlet 'dispatcherServlet'
2018-06-20 16:13:54.284  INFO 14020 --- [http-nio-8080-exec-2] o.s.web.servlet.DispatcherServlet        : FrameworkServlet 'dispatcherServlet': initialization started
2018-06-20 16:13:54.307  INFO 14020 --- [http-nio-8080-exec-2] o.s.web.servlet.DispatcherServlet        : FrameworkServlet 'dispatcherServlet': initialization completed in 23 ms
2018-06-20 16:13:54.322  WARN 14020 --- [http-nio-8080-exec-2] o.s.web.servlet.PageNotFound             : No mapping found for HTTP request with URI [/index.html] in DispatcherServlet with name 'dispatcherServlet'
2018-06-20 16:20:46.212  WARN 14020 --- [http-nio-8080-exec-5] o.s.web.servlet.PageNotFound             : No mapping found for HTTP request with URI [/index.html] in DispatcherServlet with name 'dispatcherServlet'
2018-06-20 16:20:49.509  WARN 14020 --- [http-nio-8080-exec-6] o.s.web.servlet.PageNotFound             : No mapping found for HTTP request with URI [/index.html] in DispatcherServlet with name 'dispatcherServlet'
2018-06-20 16:20:50.445  WARN 14020 --- [http-nio-8080-exec-8] o.s.web.servlet.PageNotFound             : No mapping found for HTTP request with URI [/index.html] in DispatcherServlet with name 'dispatcherServlet'
2018-06-20 16:20:50.888  WARN 14020 --- [http-nio-8080-exec-10] o.s.web.servlet.PageNotFound             : No mapping found for HTTP request with URI [/index.html] in DispatcherServlet with name 'dispatcherServlet'
2018-06-20 16:20:51.088  WARN 14020 --- [http-nio-8080-exec-1] o.s.web.servlet.PageNotFound             : No mapping found for HTTP request with URI [/index.html] in DispatcherServlet with name 'dispatcherServlet'
2018-06-20 16:20:51.279  WARN 14020 --- [http-nio-8080-exec-3] o.s.web.servlet.PageNotFound             : No mapping found for HTTP request with URI [/index.html] in DispatcherServlet with name 'dispatcherServlet'
2018-06-20 16:20:51.467  WARN 14020 --- [http-nio-8080-exec-6] o.s.web.servlet.PageNotFound             : No mapping found for HTTP request with URI [/index.html] in DispatcherServlet with name 'dispatcherServlet'
2018-06-20 16:20:51.661  WARN 14020 --- [http-nio-8080-exec-8] o.s.web.servlet.PageNotFound             : No mapping found for HTTP request with URI [/index.html] in DispatcherServlet with name 'dispatcherServlet'
2018-06-20 16:22:10.256  WARN 14020 --- [http-nio-8080-exec-3] o.s.web.servlet.PageNotFound             : No mapping found for HTTP request with URI [/index.html] in DispatcherServlet with name 'dispatcherServlet'
2018-06-20 16:22:33.343  INFO 12808 --- [main] c.a.web.aitpfront.AitpfrontApplication   : Starting AitpfrontApplication on CDC311182 with PID 12808 (D:\A5\Workspace\dlife\aitpfront\target\classes started by l.mao in D:\A5\Workspace\dlife\aitpfront)
2018-06-20 16:22:33.348  INFO 12808 --- [main] c.a.web.aitpfront.AitpfrontApplication   : No active profile set, falling back to default profiles: default
2018-06-20 16:22:33.447  INFO 12808 --- [main] ConfigServletWebServerApplicationContext : Refreshing org.springframework.boot.web.servlet.context.AnnotationConfigServletWebServerApplicationContext@49c386c8: startup date [Wed Jun 20 16:22:33 CST 2018]; root of context hierarchy
2018-06-20 16:22:34.939  INFO 12808 --- [main] o.s.b.w.embedded.tomcat.TomcatWebServer  : Tomcat initialized with port(s): 8080 (http)
2018-06-20 16:22:34.961  INFO 12808 --- [main] o.apache.catalina.core.StandardService   : Starting service [Tomcat]
2018-06-20 16:22:34.961  INFO 12808 --- [main] org.apache.catalina.core.StandardEngine  : Starting Servlet Engine: Apache Tomcat/8.5.31
2018-06-20 16:22:34.966  INFO 12808 --- [localhost-startStop-1] o.a.catalina.core.AprLifecycleListener   : The APR based Apache Tomcat Native library which allows optimal performance in production environments was not found on the java.library.path: [C:\Program Files\Java\jdk1.8.0_171\bin;C:\windows\Sun\Java\bin;C:\windows\system32;C:\windows;C:\Program Files (x86)\Common Files\Oracle\Java\javapath;C:\ProgramData\Oracle\Java\javapath;C:\windows\system32;C:\windows;C:\windows\System32\Wbem;C:\windows\System32\WindowsPowerShell\v1.0\;C:\Program Files\TortoiseGit\bin;C:\Program Files\nodejs\;C:\Program Files (x86)\Yarn\bin\;C:\Users\l.mao\AppData\Local\Microsoft\WindowsApps;C:\Users\l.mao\AppData\Local\Programs\Git\cmd;C:\Users\l.mao\AppData\Roaming\npm;C:\Users\l.mao\AppData\Local\Yarn\bin;D:\MyOffice\Tools\apache-maven-3.5.3\bin;;.]
2018-06-20 16:22:35.096  INFO 12808 --- [localhost-startStop-1] o.a.c.c.C.[Tomcat].[localhost].[/]       : Initializing Spring embedded WebApplicationContext
2018-06-20 16:22:35.096  INFO 12808 --- [localhost-startStop-1] o.s.web.context.ContextLoader            : Root WebApplicationContext: initialization completed in 1649 ms
2018-06-20 16:22:35.324  INFO 12808 --- [localhost-startStop-1] o.s.b.w.servlet.ServletRegistrationBean  : Servlet dispatcherServlet mapped to [/]
2018-06-20 16:22:35.329  INFO 12808 --- [localhost-startStop-1] o.s.b.w.servlet.FilterRegistrationBean   : Mapping filter: 'characterEncodingFilter' to: [/*]
2018-06-20 16:22:35.330  INFO 12808 --- [localhost-startStop-1] o.s.b.w.servlet.FilterRegistrationBean   : Mapping filter: 'hiddenHttpMethodFilter' to: [/*]
2018-06-20 16:22:35.330  INFO 12808 --- [localhost-startStop-1] o.s.b.w.servlet.FilterRegistrationBean   : Mapping filter: 'httpPutFormContentFilter' to: [/*]
2018-06-20 16:22:35.330  INFO 12808 --- [localhost-startStop-1] o.s.b.w.servlet.FilterRegistrationBean   : Mapping filter: 'requestContextFilter' to: [/*]
2018-06-20 16:22:35.442  INFO 12808 --- [main] o.s.w.s.handler.SimpleUrlHandlerMapping  : Mapped URL path [/**/favicon.ico] onto handler of type [class org.springframework.web.servlet.resource.ResourceHttpRequestHandler]
2018-06-20 16:22:35.636  INFO 12808 --- [main] s.w.s.m.m.a.RequestMappingHandlerAdapter : Looking for @ControllerAdvice: org.springframework.boot.web.servlet.context.AnnotationConfigServletWebServerApplicationContext@49c386c8: startup date [Wed Jun 20 16:22:33 CST 2018]; root of context hierarchy
2018-06-20 16:22:35.691  INFO 12808 --- [main] s.w.s.m.m.a.RequestMappingHandlerMapping : Mapped "{[/accept_code.html]}" onto public java.lang.String com.aitp.web.aitpfront.WeChatUser.toAccept(java.lang.String,java.lang.String)
2018-06-20 16:22:35.692  INFO 12808 --- [main] s.w.s.m.m.a.RequestMappingHandlerMapping : Mapped "{[/login.html]}" onto public java.lang.String com.aitp.web.aitpfront.WeChatUser.toLogin()
2018-06-20 16:22:35.696  INFO 12808 --- [main] s.w.s.m.m.a.RequestMappingHandlerMapping : Mapped "{[/error]}" onto public org.springframework.http.ResponseEntity<java.util.Map<java.lang.String, java.lang.Object>> org.springframework.boot.autoconfigure.web.servlet.error.BasicErrorController.error(javax.servlet.http.HttpServletRequest)
2018-06-20 16:22:35.697  INFO 12808 --- [main] s.w.s.m.m.a.RequestMappingHandlerMapping : Mapped "{[/error],produces=[text/html]}" onto public org.springframework.web.servlet.ModelAndView org.springframework.boot.autoconfigure.web.servlet.error.BasicErrorController.errorHtml(javax.servlet.http.HttpServletRequest,javax.servlet.http.HttpServletResponse)
2018-06-20 16:22:35.717  INFO 12808 --- [main] o.s.w.s.handler.SimpleUrlHandlerMapping  : Mapped URL path [/webjars/**] onto handler of type [class org.springframework.web.servlet.resource.ResourceHttpRequestHandler]
2018-06-20 16:22:35.717  INFO 12808 --- [main] o.s.w.s.handler.SimpleUrlHandlerMapping  : Mapped URL path [/**] onto handler of type [class org.springframework.web.servlet.resource.ResourceHttpRequestHandler]
2018-06-20 16:22:35.805  INFO 12808 --- [main] o.s.b.a.w.s.WelcomePageHandlerMapping    : Adding welcome page: class path resource [static/index.html]
2018-06-20 16:22:35.910  INFO 12808 --- [main] o.s.j.e.a.AnnotationMBeanExporter        : Registering beans for JMX exposure on startup
2018-06-20 16:22:35.955  INFO 12808 --- [main] o.s.b.w.embedded.tomcat.TomcatWebServer  : Tomcat started on port(s): 8080 (http) with context path ''
2018-06-20 16:22:35.959  INFO 12808 --- [main] c.a.web.aitpfront.AitpfrontApplication   : Started AitpfrontApplication in 3.486 seconds (JVM running for 5.263)
2018-06-20 16:24:25.915  INFO 12808 --- [http-nio-8080-exec-1] o.a.c.c.C.[Tomcat].[localhost].[/]       : Initializing Spring FrameworkServlet 'dispatcherServlet'
2018-06-20 16:24:25.915  INFO 12808 --- [http-nio-8080-exec-1] o.s.web.servlet.DispatcherServlet        : FrameworkServlet 'dispatcherServlet': initialization started
2018-06-20 16:24:25.944  INFO 12808 --- [http-nio-8080-exec-1] o.s.web.servlet.DispatcherServlet        : FrameworkServlet 'dispatcherServlet': initialization completed in 28 ms
2018-06-20 16:27:01.440  INFO 2904 --- [main] c.a.web.aitpfront.AitpfrontApplication   : Starting AitpfrontApplication on CDC311182 with PID 2904 (D:\A5\Workspace\dlife\aitpfront\target\classes started by l.mao in D:\A5\Workspace\dlife\aitpfront)
2018-06-20 16:27:01.443  INFO 2904 --- [main] c.a.web.aitpfront.AitpfrontApplication   : No active profile set, falling back to default profiles: default
2018-06-20 16:27:01.490  INFO 2904 --- [main] ConfigServletWebServerApplicationContext : Refreshing org.springframework.boot.web.servlet.context.AnnotationConfigServletWebServerApplicationContext@60d8c9b7: startup date [Wed Jun 20 16:27:01 CST 2018]; root of context hierarchy
2018-06-20 16:27:02.551  INFO 2904 --- [main] o.s.b.w.embedded.tomcat.TomcatWebServer  : Tomcat initialized with port(s): 8080 (http)
2018-06-20 16:27:02.573  INFO 2904 --- [main] o.apache.catalina.core.StandardService   : Starting service [Tomcat]
2018-06-20 16:27:02.573  INFO 2904 --- [main] org.apache.catalina.core.StandardEngine  : Starting Servlet Engine: Apache Tomcat/8.5.31
2018-06-20 16:27:02.579  INFO 2904 --- [localhost-startStop-1] o.a.catalina.core.AprLifecycleListener   : The APR based Apache Tomcat Native library which allows optimal performance in production environments was not found on the java.library.path: [C:\Program Files\Java\jdk1.8.0_171\bin;C:\windows\Sun\Java\bin;C:\windows\system32;C:\windows;C:\Program Files (x86)\Common Files\Oracle\Java\javapath;C:\ProgramData\Oracle\Java\javapath;C:\windows\system32;C:\windows;C:\windows\System32\Wbem;C:\windows\System32\WindowsPowerShell\v1.0\;C:\Program Files\TortoiseGit\bin;C:\Program Files\nodejs\;C:\Program Files (x86)\Yarn\bin\;C:\Users\l.mao\AppData\Local\Microsoft\WindowsApps;C:\Users\l.mao\AppData\Local\Programs\Git\cmd;C:\Users\l.mao\AppData\Roaming\npm;C:\Users\l.mao\AppData\Local\Yarn\bin;D:\MyOffice\Tools\apache-maven-3.5.3\bin;;.]
2018-06-20 16:27:02.704  INFO 2904 --- [localhost-startStop-1] o.a.c.c.C.[Tomcat].[localhost].[/]       : Initializing Spring embedded WebApplicationContext
2018-06-20 16:27:02.705  INFO 2904 --- [localhost-startStop-1] o.s.web.context.ContextLoader            : Root WebApplicationContext: initialization completed in 1215 ms
2018-06-20 16:27:02.881  INFO 2904 --- [localhost-startStop-1] o.s.b.w.servlet.ServletRegistrationBean  : Servlet dispatcherServlet mapped to [/]
2018-06-20 16:27:02.886  INFO 2904 --- [localhost-startStop-1] o.s.b.w.servlet.FilterRegistrationBean   : Mapping filter: 'characterEncodingFilter' to: [/*]
2018-06-20 16:27:02.886  INFO 2904 --- [localhost-startStop-1] o.s.b.w.servlet.FilterRegistrationBean   : Mapping filter: 'hiddenHttpMethodFilter' to: [/*]
2018-06-20 16:27:02.886  INFO 2904 --- [localhost-startStop-1] o.s.b.w.servlet.FilterRegistrationBean   : Mapping filter: 'httpPutFormContentFilter' to: [/*]
2018-06-20 16:27:02.886  INFO 2904 --- [localhost-startStop-1] o.s.b.w.servlet.FilterRegistrationBean   : Mapping filter: 'requestContextFilter' to: [/*]
2018-06-20 16:27:03.011  INFO 2904 --- [main] o.s.w.s.handler.SimpleUrlHandlerMapping  : Mapped URL path [/**/favicon.ico] onto handler of type [class org.springframework.web.servlet.resource.ResourceHttpRequestHandler]
2018-06-20 16:27:03.210  INFO 2904 --- [main] s.w.s.m.m.a.RequestMappingHandlerAdapter : Looking for @ControllerAdvice: org.springframework.boot.web.servlet.context.AnnotationConfigServletWebServerApplicationContext@60d8c9b7: startup date [Wed Jun 20 16:27:01 CST 2018]; root of context hierarchy
2018-06-20 16:27:03.261  INFO 2904 --- [main] s.w.s.m.m.a.RequestMappingHandlerMapping : Mapped "{[/login.html]}" onto public java.lang.String com.aitp.web.aitpfront.WeChatUser.toLogin()
2018-06-20 16:27:03.263  INFO 2904 --- [main] s.w.s.m.m.a.RequestMappingHandlerMapping : Mapped "{[/accept_code.html]}" onto public java.lang.String com.aitp.web.aitpfront.WeChatUser.toAccept(java.lang.String,java.lang.String)
2018-06-20 16:27:03.269  INFO 2904 --- [main] s.w.s.m.m.a.RequestMappingHandlerMapping : Mapped "{[/error]}" onto public org.springframework.http.ResponseEntity<java.util.Map<java.lang.String, java.lang.Object>> org.springframework.boot.autoconfigure.web.servlet.error.BasicErrorController.error(javax.servlet.http.HttpServletRequest)
2018-06-20 16:27:03.270  INFO 2904 --- [main] s.w.s.m.m.a.RequestMappingHandlerMapping : Mapped "{[/error],produces=[text/html]}" onto public org.springframework.web.servlet.ModelAndView org.springframework.boot.autoconfigure.web.servlet.error.BasicErrorController.errorHtml(javax.servlet.http.HttpServletRequest,javax.servlet.http.HttpServletResponse)
2018-06-20 16:27:03.291  INFO 2904 --- [main] o.s.w.s.handler.SimpleUrlHandlerMapping  : Mapped URL path [/webjars/**] onto handler of type [class org.springframework.web.servlet.resource.ResourceHttpRequestHandler]
2018-06-20 16:27:03.292  INFO 2904 --- [main] o.s.w.s.handler.SimpleUrlHandlerMapping  : Mapped URL path [/**] onto handler of type [class org.springframework.web.servlet.resource.ResourceHttpRequestHandler]
2018-06-20 16:27:03.372  INFO 2904 --- [main] o.s.b.a.w.s.WelcomePageHandlerMapping    : Adding welcome page: class path resource [static/index.html]
2018-06-20 16:27:03.473  INFO 2904 --- [main] o.s.j.e.a.AnnotationMBeanExporter        : Registering beans for JMX exposure on startup
2018-06-20 16:27:03.520  INFO 2904 --- [main] o.s.b.w.embedded.tomcat.TomcatWebServer  : Tomcat started on port(s): 8080 (http) with context path ''
2018-06-20 16:27:03.526  INFO 2904 --- [main] c.a.web.aitpfront.AitpfrontApplication   : Started AitpfrontApplication in 12.605 seconds (JVM running for 14.559)
2018-06-20 16:27:38.277  INFO 2904 --- [http-nio-8080-exec-1] o.a.c.c.C.[Tomcat].[localhost].[/]       : Initializing Spring FrameworkServlet 'dispatcherServlet'
2018-06-20 16:27:38.278  INFO 2904 --- [http-nio-8080-exec-1] o.s.web.servlet.DispatcherServlet        : FrameworkServlet 'dispatcherServlet': initialization started
2018-06-20 16:27:38.304  INFO 2904 --- [http-nio-8080-exec-1] o.s.web.servlet.DispatcherServlet        : FrameworkServlet 'dispatcherServlet': initialization completed in 26 ms
2018-06-20 16:28:12.157  INFO 10660 --- [main] c.a.web.aitpfront.AitpfrontApplication   : Starting AitpfrontApplication on CDC311182 with PID 10660 (D:\A5\Workspace\dlife\aitpfront\target\classes started by l.mao in D:\A5\Workspace\dlife\aitpfront)
2018-06-20 16:28:12.162  INFO 10660 --- [main] c.a.web.aitpfront.AitpfrontApplication   : No active profile set, falling back to default profiles: default
2018-06-20 16:28:12.232  INFO 10660 --- [main] ConfigServletWebServerApplicationContext : Refreshing org.springframework.boot.web.servlet.context.AnnotationConfigServletWebServerApplicationContext@75329a49: startup date [Wed Jun 20 16:28:12 CST 2018]; root of context hierarchy
2018-06-20 16:28:13.547  INFO 10660 --- [main] o.s.b.w.embedded.tomcat.TomcatWebServer  : Tomcat initialized with port(s): 8080 (http)
2018-06-20 16:28:13.566  INFO 10660 --- [main] o.apache.catalina.core.StandardService   : Starting service [Tomcat]
2018-06-20 16:28:13.567  INFO 10660 --- [main] org.apache.catalina.core.StandardEngine  : Starting Servlet Engine: Apache Tomcat/8.5.31
2018-06-20 16:28:13.571  INFO 10660 --- [localhost-startStop-1] o.a.catalina.core.AprLifecycleListener   : The APR based Apache Tomcat Native library which allows optimal performance in production environments was not found on the java.library.path: [C:\Program Files\Java\jdk1.8.0_171\bin;C:\windows\Sun\Java\bin;C:\windows\system32;C:\windows;C:\Program Files (x86)\Common Files\Oracle\Java\javapath;C:\ProgramData\Oracle\Java\javapath;C:\windows\system32;C:\windows;C:\windows\System32\Wbem;C:\windows\System32\WindowsPowerShell\v1.0\;C:\Program Files\TortoiseGit\bin;C:\Program Files\nodejs\;C:\Program Files (x86)\Yarn\bin\;C:\Users\l.mao\AppData\Local\Microsoft\WindowsApps;C:\Users\l.mao\AppData\Local\Programs\Git\cmd;C:\Users\l.mao\AppData\Roaming\npm;C:\Users\l.mao\AppData\Local\Yarn\bin;D:\MyOffice\Tools\apache-maven-3.5.3\bin;;.]
2018-06-20 16:28:13.691  INFO 10660 --- [localhost-startStop-1] o.a.c.c.C.[Tomcat].[localhost].[/]       : Initializing Spring embedded WebApplicationContext
2018-06-20 16:28:13.691  INFO 10660 --- [localhost-startStop-1] o.s.web.context.ContextLoader            : Root WebApplicationContext: initialization completed in 1459 ms
2018-06-20 16:28:13.849  INFO 10660 --- [localhost-startStop-1] o.s.b.w.servlet.ServletRegistrationBean  : Servlet dispatcherServlet mapped to [/]
2018-06-20 16:28:13.853  INFO 10660 --- [localhost-startStop-1] o.s.b.w.servlet.FilterRegistrationBean   : Mapping filter: 'characterEncodingFilter' to: [/*]
2018-06-20 16:28:13.853  INFO 10660 --- [localhost-startStop-1] o.s.b.w.servlet.FilterRegistrationBean   : Mapping filter: 'hiddenHttpMethodFilter' to: [/*]
2018-06-20 16:28:13.854  INFO 10660 --- [localhost-startStop-1] o.s.b.w.servlet.FilterRegistrationBean   : Mapping filter: 'httpPutFormContentFilter' to: [/*]
2018-06-20 16:28:13.854  INFO 10660 --- [localhost-startStop-1] o.s.b.w.servlet.FilterRegistrationBean   : Mapping filter: 'requestContextFilter' to: [/*]
2018-06-20 16:28:13.965  INFO 10660 --- [main] o.s.w.s.handler.SimpleUrlHandlerMapping  : Mapped URL path [/**/favicon.ico] onto handler of type [class org.springframework.web.servlet.resource.ResourceHttpRequestHandler]
2018-06-20 16:28:14.144  INFO 10660 --- [main] s.w.s.m.m.a.RequestMappingHandlerAdapter : Looking for @ControllerAdvice: org.springframework.boot.web.servlet.context.AnnotationConfigServletWebServerApplicationContext@75329a49: startup date [Wed Jun 20 16:28:12 CST 2018]; root of context hierarchy
2018-06-20 16:28:14.196  INFO 10660 --- [main] s.w.s.m.m.a.RequestMappingHandlerMapping : Mapped "{[/accept_code.html]}" onto public java.lang.String com.aitp.web.aitpfront.WeChatUser.toAccept(java.lang.String,java.lang.String)
2018-06-20 16:28:14.197  INFO 10660 --- [main] s.w.s.m.m.a.RequestMappingHandlerMapping : Mapped "{[/login.html]}" onto public java.lang.String com.aitp.web.aitpfront.WeChatUser.toLogin()
2018-06-20 16:28:14.203  INFO 10660 --- [main] s.w.s.m.m.a.RequestMappingHandlerMapping : Mapped "{[/error]}" onto public org.springframework.http.ResponseEntity<java.util.Map<java.lang.String, java.lang.Object>> org.springframework.boot.autoconfigure.web.servlet.error.BasicErrorController.error(javax.servlet.http.HttpServletRequest)
2018-06-20 16:28:14.204  INFO 10660 --- [main] s.w.s.m.m.a.RequestMappingHandlerMapping : Mapped "{[/error],produces=[text/html]}" onto public org.springframework.web.servlet.ModelAndView org.springframework.boot.autoconfigure.web.servlet.error.BasicErrorController.errorHtml(javax.servlet.http.HttpServletRequest,javax.servlet.http.HttpServletResponse)
2018-06-20 16:28:14.224  INFO 10660 --- [main] o.s.w.s.handler.SimpleUrlHandlerMapping  : Mapped URL path [/webjars/**] onto handler of type [class org.springframework.web.servlet.resource.ResourceHttpRequestHandler]
2018-06-20 16:28:14.225  INFO 10660 --- [main] o.s.w.s.handler.SimpleUrlHandlerMapping  : Mapped URL path [/**] onto handler of type [class org.springframework.web.servlet.resource.ResourceHttpRequestHandler]
2018-06-20 16:28:14.308  INFO 10660 --- [main] o.s.b.a.w.s.WelcomePageHandlerMapping    : Adding welcome page: class path resource [static/index.html]
2018-06-20 16:28:14.406  INFO 10660 --- [main] o.s.j.e.a.AnnotationMBeanExporter        : Registering beans for JMX exposure on startup
2018-06-20 16:28:14.450  INFO 10660 --- [main] o.s.b.w.embedded.tomcat.TomcatWebServer  : Tomcat started on port(s): 8080 (http) with context path ''
2018-06-20 16:28:14.454  INFO 10660 --- [main] c.a.web.aitpfront.AitpfrontApplication   : Started AitpfrontApplication in 2.944 seconds (JVM running for 4.759)
2018-06-20 16:28:19.488  INFO 10660 --- [http-nio-8080-exec-1] o.a.c.c.C.[Tomcat].[localhost].[/]       : Initializing Spring FrameworkServlet 'dispatcherServlet'
2018-06-20 16:28:19.488  INFO 10660 --- [http-nio-8080-exec-1] o.s.web.servlet.DispatcherServlet        : FrameworkServlet 'dispatcherServlet': initialization started
2018-06-20 16:28:19.512  INFO 10660 --- [http-nio-8080-exec-1] o.s.web.servlet.DispatcherServlet        : FrameworkServlet 'dispatcherServlet': initialization completed in 24 ms
2018-06-20 16:48:35.144  INFO 17008 --- [main] c.a.web.aitpfront.AitpfrontApplication   : Starting AitpfrontApplication on CDC311182 with PID 17008 (D:\A5\Workspace\dlife\aitpfront\target\classes started by l.mao in D:\A5\Workspace\dlife\aitpfront)
2018-06-20 16:48:35.149  INFO 17008 --- [main] c.a.web.aitpfront.AitpfrontApplication   : No active profile set, falling back to default profiles: default
2018-06-20 16:48:35.266  INFO 17008 --- [main] ConfigServletWebServerApplicationContext : Refreshing org.springframework.boot.web.servlet.context.AnnotationConfigServletWebServerApplicationContext@433d61fb: startup date [Wed Jun 20 16:48:35 CST 2018]; root of context hierarchy
2018-06-20 16:48:36.920  INFO 17008 --- [main] o.s.b.w.embedded.tomcat.TomcatWebServer  : Tomcat initialized with port(s): 8080 (http)
2018-06-20 16:48:36.955  INFO 17008 --- [main] o.apache.catalina.core.StandardService   : Starting service [Tomcat]
2018-06-20 16:48:36.955  INFO 17008 --- [main] org.apache.catalina.core.StandardEngine  : Starting Servlet Engine: Apache Tomcat/8.5.31
2018-06-20 16:48:36.962  INFO 17008 --- [localhost-startStop-1] o.a.catalina.core.AprLifecycleListener   : The APR based Apache Tomcat Native library which allows optimal performance in production environments was not found on the java.library.path: [C:\Program Files\Java\jdk1.8.0_171\bin;C:\windows\Sun\Java\bin;C:\windows\system32;C:\windows;C:\Program Files (x86)\Common Files\Oracle\Java\javapath;C:\ProgramData\Oracle\Java\javapath;C:\windows\system32;C:\windows;C:\windows\System32\Wbem;C:\windows\System32\WindowsPowerShell\v1.0\;C:\Program Files\TortoiseGit\bin;C:\Program Files\nodejs\;C:\Program Files (x86)\Yarn\bin\;C:\Users\l.mao\AppData\Local\Microsoft\WindowsApps;C:\Users\l.mao\AppData\Local\Programs\Git\cmd;C:\Users\l.mao\AppData\Roaming\npm;C:\Users\l.mao\AppData\Local\Yarn\bin;D:\MyOffice\Tools\apache-maven-3.5.3\bin;;.]
2018-06-20 16:48:37.106  INFO 17008 --- [localhost-startStop-1] o.a.c.c.C.[Tomcat].[localhost].[/]       : Initializing Spring embedded WebApplicationContext
2018-06-20 16:48:37.106  INFO 17008 --- [localhost-startStop-1] o.s.web.context.ContextLoader            : Root WebApplicationContext: initialization completed in 1840 ms
2018-06-20 16:48:37.300  INFO 17008 --- [localhost-startStop-1] o.s.b.w.servlet.ServletRegistrationBean  : Servlet dispatcherServlet mapped to [/]
2018-06-20 16:48:37.304  INFO 17008 --- [localhost-startStop-1] o.s.b.w.servlet.FilterRegistrationBean   : Mapping filter: 'characterEncodingFilter' to: [/*]
2018-06-20 16:48:37.305  INFO 17008 --- [localhost-startStop-1] o.s.b.w.servlet.FilterRegistrationBean   : Mapping filter: 'hiddenHttpMethodFilter' to: [/*]
2018-06-20 16:48:37.305  INFO 17008 --- [localhost-startStop-1] o.s.b.w.servlet.FilterRegistrationBean   : Mapping filter: 'httpPutFormContentFilter' to: [/*]
2018-06-20 16:48:37.305  INFO 17008 --- [localhost-startStop-1] o.s.b.w.servlet.FilterRegistrationBean   : Mapping filter: 'requestContextFilter' to: [/*]
2018-06-20 16:48:37.410  INFO 17008 --- [main] o.s.w.s.handler.SimpleUrlHandlerMapping  : Mapped URL path [/**/favicon.ico] onto handler of type [class org.springframework.web.servlet.resource.ResourceHttpRequestHandler]
2018-06-20 16:48:37.613  INFO 17008 --- [main] s.w.s.m.m.a.RequestMappingHandlerAdapter : Looking for @ControllerAdvice: org.springframework.boot.web.servlet.context.AnnotationConfigServletWebServerApplicationContext@433d61fb: startup date [Wed Jun 20 16:48:35 CST 2018]; root of context hierarchy
2018-06-20 16:48:37.664  INFO 17008 --- [main] s.w.s.m.m.a.RequestMappingHandlerMapping : Mapped "{[/login.html]}" onto public java.lang.String com.aitp.web.aitpfront.WeChatUser.toLogin()
2018-06-20 16:48:37.666  INFO 17008 --- [main] s.w.s.m.m.a.RequestMappingHandlerMapping : Mapped "{[/accept_code.html]}" onto public java.lang.String com.aitp.web.aitpfront.WeChatUser.toAccept(java.lang.String,java.lang.String)
2018-06-20 16:48:37.670  INFO 17008 --- [main] s.w.s.m.m.a.RequestMappingHandlerMapping : Mapped "{[/error]}" onto public org.springframework.http.ResponseEntity<java.util.Map<java.lang.String, java.lang.Object>> org.springframework.boot.autoconfigure.web.servlet.error.BasicErrorController.error(javax.servlet.http.HttpServletRequest)
2018-06-20 16:48:37.671  INFO 17008 --- [main] s.w.s.m.m.a.RequestMappingHandlerMapping : Mapped "{[/error],produces=[text/html]}" onto public org.springframework.web.servlet.ModelAndView org.springframework.boot.autoconfigure.web.servlet.error.BasicErrorController.errorHtml(javax.servlet.http.HttpServletRequest,javax.servlet.http.HttpServletResponse)
2018-06-20 16:48:37.693  INFO 17008 --- [main] o.s.w.s.handler.SimpleUrlHandlerMapping  : Mapped URL path [/webjars/**] onto handler of type [class org.springframework.web.servlet.resource.ResourceHttpRequestHandler]
2018-06-20 16:48:37.694  INFO 17008 --- [main] o.s.w.s.handler.SimpleUrlHandlerMapping  : Mapped URL path [/**] onto handler of type [class org.springframework.web.servlet.resource.ResourceHttpRequestHandler]
2018-06-20 16:48:37.806  INFO 17008 --- [main] o.s.b.a.w.s.WelcomePageHandlerMapping    : Adding welcome page: class path resource [static/index.html]
2018-06-20 16:48:37.948  INFO 17008 --- [main] o.s.j.e.a.AnnotationMBeanExporter        : Registering beans for JMX exposure on startup
2018-06-20 16:48:38.018  INFO 17008 --- [main] o.s.b.w.embedded.tomcat.TomcatWebServer  : Tomcat started on port(s): 8080 (http) with context path ''
2018-06-20 16:48:38.024  INFO 17008 --- [main] c.a.web.aitpfront.AitpfrontApplication   : Started AitpfrontApplication in 3.583 seconds (JVM running for 5.675)
2018-06-20 16:49:05.588  INFO 17008 --- [http-nio-8080-exec-1] o.a.c.c.C.[Tomcat].[localhost].[/]       : Initializing Spring FrameworkServlet 'dispatcherServlet'
2018-06-20 16:49:05.588  INFO 17008 --- [http-nio-8080-exec-1] o.s.web.servlet.DispatcherServlet        : FrameworkServlet 'dispatcherServlet': initialization started
2018-06-20 16:49:05.613  INFO 17008 --- [http-nio-8080-exec-1] o.s.web.servlet.DispatcherServlet        : FrameworkServlet 'dispatcherServlet': initialization completed in 24 ms
